SP algorithm has been created.
                                       Acta1 Admp  Alp  ... Zf266 Zic-r.a Zic-r.b
unperturbed                              NaN  NaN  NaN  ...   NaN     NaN     NaN
Adentz (Endoderm perturbation)           NaN  NaN  NaN  ...   NaN     NaN     NaN
adentZ (brain+pan-neural perturbation)   NaN  NaN  NaN  ...   NaN     NaN     NaN
adeNtz (pan-neural perturbation)         NaN  NaN  NaN  ...   NaN     NaN     NaN
adEntZ (mesenchyme perturbation)         NaN  NaN  NaN  ...   NaN     NaN     NaN
adentz (epidermis perturbation)          NaN  NaN  NaN  ...   NaN     NaN     NaN
adenTz (muscle perturbation)             NaN  NaN  NaN  ...   NaN     NaN     NaN
aDentz (notochord perturbation)          NaN  NaN  NaN  ...   NaN     NaN     NaN

[8 rows x 92 columns]
                                        Foxa.a  Foxd  ...  Tbx6-r.b  Zic-r.b
unperturbed                                NaN   NaN  ...       NaN      NaN
Adentz (Endoderm perturbation)             1.0   0.0  ...       0.0      0.0
adentZ (brain+pan-neural perturbation)     0.0   0.0  ...       0.0      1.0
adeNtz (pan-neural perturbation)           0.0   0.0  ...       0.0      0.0
adEntZ (mesenchyme perturbation)           0.0   0.0  ...       0.0      1.0
adentz (epidermis perturbation)            0.0   0.0  ...       0.0      0.0
adenTz (muscle perturbation)               0.0   0.0  ...       1.0      0.0
aDentz (notochord perturbation)            0.0   1.0  ...       0.0      0.0

[8 rows x 6 columns]
